<?xml version="1.0" encoding="UTF-8"?>
<testsuite xmlns:xsi="http://www.w3.org/2001/XMLSchema-instance" xsi:noNamespaceSchemaLocation="https://maven.apache.org/surefire/maven-surefire-plugin/xsd/surefire-test-report.xsd" name="TestSuite" time="28.714" tests="5" errors="0" skipped="0" failures="5">
  <properties>
[...]
</properties>
  <testcase name="CreateProfile" classname="Vezeta.Vezeta.LinkedInFF" time="25.499">
    <failure message="org.openqa.selenium.WebDriverException: chrome not reachable&#10;  (Session info: chrome=76.0.3809.87)&#10;Build info: version: &apos;3.14.0&apos;, revision: &apos;aacccce0&apos;, time: &apos;2018-08-02T20:19:58.91Z&apos;&#10;System info: host: &apos;Elkholy&apos;, ip: &apos;127.0.1.1&apos;, os.name: &apos;Linux&apos;, os.arch: &apos;amd64&apos;, os.version: &apos;4.15.0-55-generic&apos;, java.version: &apos;1.8.0_222&apos;&#10;Driver info: org.openqa.selenium.chrome.ChromeDriver&#10;Capabilities {acceptInsecureCerts: false, browserName: chrome, browserVersion: 76.0.3809.87, chrome: {chromedriverVersion: 76.0.3809.68 (420c9498db8ce..., userDataDir: /tmp/.com.google.Chrome.sXFga0}, goog:chromeOptions: {debuggerAddress: localhost:46835}, javascriptEnabled: true, networkConnectionEnabled: false, pageLoadStrategy: normal, platform: LINUX, platformName: LINUX, proxy: Proxy(), setWindowRect: true, strictFileInteractability: false, timeouts: {implicit: 0, pageLoad: 300000, script: 30000}, unhandledPromptBehavior: dismiss and notify}&#10;Session ID: 63c4609b3a705095cf46f136a416d347&#10;*** Element info: {Using=xpath, value=//a[text()=&apos;Join now&apos;]}" type="java.lang.RuntimeException">java.lang.RuntimeException: 
org.openqa.selenium.WebDriverException: chrome not reachable
  (Session info: chrome=76.0.3809.87)
Build info: version: '3.14.0', revision: 'aacccce0', time: '2018-08-02T20:19:58.91Z'
System info: host: 'Elkholy', ip: '127.0.1.1', os.name: 'Linux', os.arch: 'amd64', os.version: '4.15.0-55-generic', java.version: '1.8.0_222'
Driver info: org.openqa.selenium.chrome.ChromeDriver
Capabilities {acceptInsecureCerts: false, browserName: chrome, browserVersion: 76.0.3809.87, chrome: {chromedriverVersion: 76.0.3809.68 (420c9498db8ce..., userDataDir: /tmp/.com.google.Chrome.sXFga0}, goog:chromeOptions: {debuggerAddress: localhost:46835}, javascriptEnabled: true, networkConnectionEnabled: false, pageLoadStrategy: normal, platform: LINUX, platformName: LINUX, proxy: Proxy(), setWindowRect: true, strictFileInteractability: false, timeouts: {implicit: 0, pageLoad: 300000, script: 30000}, unhandledPromptBehavior: dismiss and notify}
Session ID: 63c4609b3a705095cf46f136a416d347
*** Element info: {Using=xpath, value=//a[text()='Join now']}
	at Vezeta.Vezeta.LinkedInFF.CreateProfile(LinkedInFF.java:178)
Caused by: org.openqa.selenium.WebDriverException: 
chrome not reachable
  (Session info: chrome=76.0.3809.87)
Build info: version: '3.14.0', revision: 'aacccce0', time: '2018-08-02T20:19:58.91Z'
System info: host: 'Elkholy', ip: '127.0.1.1', os.name: 'Linux', os.arch: 'amd64', os.version: '4.15.0-55-generic', java.version: '1.8.0_222'
Driver info: org.openqa.selenium.chrome.ChromeDriver
Capabilities {acceptInsecureCerts: false, browserName: chrome, browserVersion: 76.0.3809.87, chrome: {chromedriverVersion: 76.0.3809.68 (420c9498db8ce..., userDataDir: /tmp/.com.google.Chrome.sXFga0}, goog:chromeOptions: {debuggerAddress: localhost:46835}, javascriptEnabled: true, networkConnectionEnabled: false, pageLoadStrategy: normal, platform: LINUX, platformName: LINUX, proxy: Proxy(), setWindowRect: true, strictFileInteractability: false, timeouts: {implicit: 0, pageLoad: 300000, script: 30000}, unhandledPromptBehavior: dismiss and notify}
Session ID: 63c4609b3a705095cf46f136a416d347
*** Element info: {Using=xpath, value=//a[text()='Join now']}
	at Vezeta.Vezeta.LinkedInFF.isElementPresent(LinkedInFF.java:69)
	at Vezeta.Vezeta.LinkedInFF.CreateProfile(LinkedInFF.java:175)
</failure>
    <system-err><![CDATA[>>>>>Server167.249.181.191:3128
>>>>>>>>>>>>>>>>>nullStarting ChromeDriver 76.0.3809.68 (420c9498db8ce8fcd190a954d51297672c1515d5-refs/branch-heads/3809@{#864}) on port 11062
Only local connections are allowed.
Please protect ports used by ChromeDriver and related test frameworks to prevent access by malicious code.
Aug 03, 2019 6:05:37 AM org.openqa.selenium.remote.ProtocolHandshake createSession
INFO: Detected dialect: W3C
Starting ChromeDriver 76.0.3809.68 (420c9498db8ce8fcd190a954d51297672c1515d5-refs/branch-heads/3809@{#864}) on port 23411
Only local connections are allowed.
Please protect ports used by ChromeDriver and related test frameworks to prevent access by malicious code.
Aug 03, 2019 6:05:38 AM org.openqa.selenium.remote.ProtocolHandshake createSession
INFO: Detected dialect: W3C
]]></system-err>
  </testcase>
  <testcase name="getConfCode" classname="Vezeta.Vezeta.LinkedInFF" time="0.796">
    <failure message="org.openqa.selenium.WebDriverException: chrome not reachable&#10;  (Session info: chrome=76.0.3809.87)&#10;Build info: version: &apos;3.14.0&apos;, revision: &apos;aacccce0&apos;, time: &apos;2018-08-02T20:19:58.91Z&apos;&#10;System info: host: &apos;Elkholy&apos;, ip: &apos;127.0.1.1&apos;, os.name: &apos;Linux&apos;, os.arch: &apos;amd64&apos;, os.version: &apos;4.15.0-55-generic&apos;, java.version: &apos;1.8.0_222&apos;&#10;Driver info: org.openqa.selenium.chrome.ChromeDriver&#10;Capabilities {acceptInsecureCerts: false, browserName: chrome, browserVersion: 76.0.3809.87, chrome: {chromedriverVersion: 76.0.3809.68 (420c9498db8ce..., userDataDir: /tmp/.com.google.Chrome.ceD8lS}, goog:chromeOptions: {debuggerAddress: localhost:37471}, javascriptEnabled: true, networkConnectionEnabled: false, pageLoadStrategy: normal, platform: LINUX, platformName: LINUX, proxy: Proxy(), setWindowRect: true, strictFileInteractability: false, timeouts: {implicit: 0, pageLoad: 300000, script: 30000}, unhandledPromptBehavior: dismiss and notify}&#10;Session ID: db5a7d0ac5c23b7949cc041b05d29a95&#10;*** Element info: {Using=xpath, value=//span[@name=&apos;LinkedIn Messages&apos;][@email=&apos;security-noreply@linkedin.com&apos;])[2]}" type="java.lang.RuntimeException">java.lang.RuntimeException: 
org.openqa.selenium.WebDriverException: chrome not reachable
  (Session info: chrome=76.0.3809.87)
Build info: version: '3.14.0', revision: 'aacccce0', time: '2018-08-02T20:19:58.91Z'
System info: host: 'Elkholy', ip: '127.0.1.1', os.name: 'Linux', os.arch: 'amd64', os.version: '4.15.0-55-generic', java.version: '1.8.0_222'
Driver info: org.openqa.selenium.chrome.ChromeDriver
Capabilities {acceptInsecureCerts: false, browserName: chrome, browserVersion: 76.0.3809.87, chrome: {chromedriverVersion: 76.0.3809.68 (420c9498db8ce..., userDataDir: /tmp/.com.google.Chrome.ceD8lS}, goog:chromeOptions: {debuggerAddress: localhost:37471}, javascriptEnabled: true, networkConnectionEnabled: false, pageLoadStrategy: normal, platform: LINUX, platformName: LINUX, proxy: Proxy(), setWindowRect: true, strictFileInteractability: false, timeouts: {implicit: 0, pageLoad: 300000, script: 30000}, unhandledPromptBehavior: dismiss and notify}
Session ID: db5a7d0ac5c23b7949cc041b05d29a95
*** Element info: {Using=xpath, value=//span[@name='LinkedIn Messages'][@email='security-noreply@linkedin.com'])[2]}
	at Vezeta.Vezeta.LinkedInFF.getConfCode(LinkedInFF.java:331)
Caused by: org.openqa.selenium.WebDriverException: 
chrome not reachable
  (Session info: chrome=76.0.3809.87)
Build info: version: '3.14.0', revision: 'aacccce0', time: '2018-08-02T20:19:58.91Z'
System info: host: 'Elkholy', ip: '127.0.1.1', os.name: 'Linux', os.arch: 'amd64', os.version: '4.15.0-55-generic', java.version: '1.8.0_222'
Driver info: org.openqa.selenium.chrome.ChromeDriver
Capabilities {acceptInsecureCerts: false, browserName: chrome, browserVersion: 76.0.3809.87, chrome: {chromedriverVersion: 76.0.3809.68 (420c9498db8ce..., userDataDir: /tmp/.com.google.Chrome.ceD8lS}, goog:chromeOptions: {debuggerAddress: localhost:37471}, javascriptEnabled: true, networkConnectionEnabled: false, pageLoadStrategy: normal, platform: LINUX, platformName: LINUX, proxy: Proxy(), setWindowRect: true, strictFileInteractability: false, timeouts: {implicit: 0, pageLoad: 300000, script: 30000}, unhandledPromptBehavior: dismiss and notify}
Session ID: db5a7d0ac5c23b7949cc041b05d29a95
*** Element info: {Using=xpath, value=//span[@name='LinkedIn Messages'][@email='security-noreply@linkedin.com'])[2]}
	at Vezeta.Vezeta.LinkedInFF.isElementPresent(LinkedInFF.java:69)
	at Vezeta.Vezeta.LinkedInFF.getConfCode(LinkedInFF.java:328)
</failure>
    <system-err><![CDATA[[1564805164.539][SEVERE]: Unable to receive message from renderer
]]></system-err>
  </testcase>
  <testcase name="linkedinConf" classname="Vezeta.Vezeta.LinkedInFF" time="0.008">
    <failure message="chrome not reachable&#10;  (Session info: chrome=76.0.3809.87)&#10;Build info: version: &apos;3.14.0&apos;, revision: &apos;aacccce0&apos;, time: &apos;2018-08-02T20:19:58.91Z&apos;&#10;System info: host: &apos;Elkholy&apos;, ip: &apos;127.0.1.1&apos;, os.name: &apos;Linux&apos;, os.arch: &apos;amd64&apos;, os.version: &apos;4.15.0-55-generic&apos;, java.version: &apos;1.8.0_222&apos;&#10;Driver info: org.openqa.selenium.chrome.ChromeDriver&#10;Capabilities {acceptInsecureCerts: false, browserName: chrome, browserVersion: 76.0.3809.87, chrome: {chromedriverVersion: 76.0.3809.68 (420c9498db8ce..., userDataDir: /tmp/.com.google.Chrome.sXFga0}, goog:chromeOptions: {debuggerAddress: localhost:46835}, javascriptEnabled: true, networkConnectionEnabled: false, pageLoadStrategy: normal, platform: LINUX, platformName: LINUX, proxy: Proxy(), setWindowRect: true, strictFileInteractability: false, timeouts: {implicit: 0, pageLoad: 300000, script: 30000}, unhandledPromptBehavior: dismiss and notify}&#10;Session ID: 63c4609b3a705095cf46f136a416d347&#10;*** Element info: {Using=id, value=email-confirmation-input}" type="org.openqa.selenium.WebDriverException">org.openqa.selenium.WebDriverException: 
chrome not reachable
  (Session info: chrome=76.0.3809.87)
Build info: version: '3.14.0', revision: 'aacccce0', time: '2018-08-02T20:19:58.91Z'
System info: host: 'Elkholy', ip: '127.0.1.1', os.name: 'Linux', os.arch: 'amd64', os.version: '4.15.0-55-generic', java.version: '1.8.0_222'
Driver info: org.openqa.selenium.chrome.ChromeDriver
Capabilities {acceptInsecureCerts: false, browserName: chrome, browserVersion: 76.0.3809.87, chrome: {chromedriverVersion: 76.0.3809.68 (420c9498db8ce..., userDataDir: /tmp/.com.google.Chrome.sXFga0}, goog:chromeOptions: {debuggerAddress: localhost:46835}, javascriptEnabled: true, networkConnectionEnabled: false, pageLoadStrategy: normal, platform: LINUX, platformName: LINUX, proxy: Proxy(), setWindowRect: true, strictFileInteractability: false, timeouts: {implicit: 0, pageLoad: 300000, script: 30000}, unhandledPromptBehavior: dismiss and notify}
Session ID: 63c4609b3a705095cf46f136a416d347
*** Element info: {Using=id, value=email-confirmation-input}
	at Vezeta.Vezeta.LinkedInFF.linkedinConf(LinkedInFF.java:373)
</failure>
  </testcase>
  <testcase name="editProfile" classname="Vezeta.Vezeta.LinkedInFF" time="0.009">
    <failure message="chrome not reachable&#10;  (Session info: chrome=76.0.3809.87)&#10;Build info: version: &apos;3.14.0&apos;, revision: &apos;aacccce0&apos;, time: &apos;2018-08-02T20:19:58.91Z&apos;&#10;System info: host: &apos;Elkholy&apos;, ip: &apos;127.0.1.1&apos;, os.name: &apos;Linux&apos;, os.arch: &apos;amd64&apos;, os.version: &apos;4.15.0-55-generic&apos;, java.version: &apos;1.8.0_222&apos;&#10;Driver info: org.openqa.selenium.chrome.ChromeDriver&#10;Capabilities {acceptInsecureCerts: false, browserName: chrome, browserVersion: 76.0.3809.87, chrome: {chromedriverVersion: 76.0.3809.68 (420c9498db8ce..., userDataDir: /tmp/.com.google.Chrome.sXFga0}, goog:chromeOptions: {debuggerAddress: localhost:46835}, javascriptEnabled: true, networkConnectionEnabled: false, pageLoadStrategy: normal, platform: LINUX, platformName: LINUX, proxy: Proxy(), setWindowRect: true, strictFileInteractability: false, timeouts: {implicit: 0, pageLoad: 300000, script: 30000}, unhandledPromptBehavior: dismiss and notify}&#10;Session ID: 63c4609b3a705095cf46f136a416d347" type="org.openqa.selenium.WebDriverException">org.openqa.selenium.WebDriverException: 
chrome not reachable
  (Session info: chrome=76.0.3809.87)
Build info: version: '3.14.0', revision: 'aacccce0', time: '2018-08-02T20:19:58.91Z'
System info: host: 'Elkholy', ip: '127.0.1.1', os.name: 'Linux', os.arch: 'amd64', os.version: '4.15.0-55-generic', java.version: '1.8.0_222'
Driver info: org.openqa.selenium.chrome.ChromeDriver
Capabilities {acceptInsecureCerts: false, browserName: chrome, browserVersion: 76.0.3809.87, chrome: {chromedriverVersion: 76.0.3809.68 (420c9498db8ce..., userDataDir: /tmp/.com.google.Chrome.sXFga0}, goog:chromeOptions: {debuggerAddress: localhost:46835}, javascriptEnabled: true, networkConnectionEnabled: false, pageLoadStrategy: normal, platform: LINUX, platformName: LINUX, proxy: Proxy(), setWindowRect: true, strictFileInteractability: false, timeouts: {implicit: 0, pageLoad: 300000, script: 30000}, unhandledPromptBehavior: dismiss and notify}
Session ID: 63c4609b3a705095cf46f136a416d347
	at Vezeta.Vezeta.LinkedInFF.editProfile(LinkedInFF.java:380)
</failure>
  </testcase>
  <testcase name="LinkedInSignOutForgetPass" classname="Vezeta.Vezeta.LinkedInFF" time="0.008">
    <failure message="org.openqa.selenium.WebDriverException: chrome not reachable&#10;  (Session info: chrome=76.0.3809.87)&#10;Build info: version: &apos;3.14.0&apos;, revision: &apos;aacccce0&apos;, time: &apos;2018-08-02T20:19:58.91Z&apos;&#10;System info: host: &apos;Elkholy&apos;, ip: &apos;127.0.1.1&apos;, os.name: &apos;Linux&apos;, os.arch: &apos;amd64&apos;, os.version: &apos;4.15.0-55-generic&apos;, java.version: &apos;1.8.0_222&apos;&#10;Driver info: org.openqa.selenium.chrome.ChromeDriver&#10;Capabilities {acceptInsecureCerts: false, browserName: chrome, browserVersion: 76.0.3809.87, chrome: {chromedriverVersion: 76.0.3809.68 (420c9498db8ce..., userDataDir: /tmp/.com.google.Chrome.sXFga0}, goog:chromeOptions: {debuggerAddress: localhost:46835}, javascriptEnabled: true, networkConnectionEnabled: false, pageLoadStrategy: normal, platform: LINUX, platformName: LINUX, proxy: Proxy(), setWindowRect: true, strictFileInteractability: false, timeouts: {implicit: 0, pageLoad: 300000, script: 30000}, unhandledPromptBehavior: dismiss and notify}&#10;Session ID: 63c4609b3a705095cf46f136a416d347&#10;*** Element info: {Using=css selector, value=#nav-settings__dropdown-trigger [alt]}" type="java.lang.RuntimeException">java.lang.RuntimeException: 
org.openqa.selenium.WebDriverException: chrome not reachable
  (Session info: chrome=76.0.3809.87)
Build info: version: '3.14.0', revision: 'aacccce0', time: '2018-08-02T20:19:58.91Z'
System info: host: 'Elkholy', ip: '127.0.1.1', os.name: 'Linux', os.arch: 'amd64', os.version: '4.15.0-55-generic', java.version: '1.8.0_222'
Driver info: org.openqa.selenium.chrome.ChromeDriver
Capabilities {acceptInsecureCerts: false, browserName: chrome, browserVersion: 76.0.3809.87, chrome: {chromedriverVersion: 76.0.3809.68 (420c9498db8ce..., userDataDir: /tmp/.com.google.Chrome.sXFga0}, goog:chromeOptions: {debuggerAddress: localhost:46835}, javascriptEnabled: true, networkConnectionEnabled: false, pageLoadStrategy: normal, platform: LINUX, platformName: LINUX, proxy: Proxy(), setWindowRect: true, strictFileInteractability: false, timeouts: {implicit: 0, pageLoad: 300000, script: 30000}, unhandledPromptBehavior: dismiss and notify}
Session ID: 63c4609b3a705095cf46f136a416d347
*** Element info: {Using=css selector, value=#nav-settings__dropdown-trigger [alt]}
	at Vezeta.Vezeta.LinkedInFF.LinkedInSignOutForgetPass(LinkedInFF.java:640)
Caused by: org.openqa.selenium.WebDriverException: 
chrome not reachable
  (Session info: chrome=76.0.3809.87)
Build info: version: '3.14.0', revision: 'aacccce0', time: '2018-08-02T20:19:58.91Z'
System info: host: 'Elkholy', ip: '127.0.1.1', os.name: 'Linux', os.arch: 'amd64', os.version: '4.15.0-55-generic', java.version: '1.8.0_222'
Driver info: org.openqa.selenium.chrome.ChromeDriver
Capabilities {acceptInsecureCerts: false, browserName: chrome, browserVersion: 76.0.3809.87, chrome: {chromedriverVersion: 76.0.3809.68 (420c9498db8ce..., userDataDir: /tmp/.com.google.Chrome.sXFga0}, goog:chromeOptions: {debuggerAddress: localhost:46835}, javascriptEnabled: true, networkConnectionEnabled: false, pageLoadStrategy: normal, platform: LINUX, platformName: LINUX, proxy: Proxy(), setWindowRect: true, strictFileInteractability: false, timeouts: {implicit: 0, pageLoad: 300000, script: 30000}, unhandledPromptBehavior: dismiss and notify}
Session ID: 63c4609b3a705095cf46f136a416d347
*** Element info: {Using=css selector, value=#nav-settings__dropdown-trigger [alt]}
	at Vezeta.Vezeta.LinkedInFF.isElementPresent(LinkedInFF.java:69)
	at Vezeta.Vezeta.LinkedInFF.LinkedInSignOutForgetPass(LinkedInFF.java:637)
</failure>
  </testcase>
</testsuite>