<?xml version="1.0" encoding="UTF-8"?>
<testng-results skipped="5" failed="0" total="5" passed="0">
  <reporter-output>
  </reporter-output>
  <suite name="Default suite" duration-ms="54" started-at="2019-08-03T03:54:45Z" finished-at="2019-08-03T03:54:46Z">
    <groups>
    </groups>
    <test name="Default test" duration-ms="54" started-at="2019-08-03T03:54:45Z" finished-at="2019-08-03T03:54:46Z">
      <class name="Vezeta.Vezeta.LinkedInFF">
        <test-method status="FAIL" signature="setupDriver()[pri:0, instance:Vezeta.Vezeta.LinkedInFF@4e1d422d]" name="setupDriver" is-config="true" duration-ms="0" started-at="2019-08-03T05:54:45Z" finished-at="2019-08-03T05:54:45Z">
          <exception class="java.lang.NullPointerException">
            <full-stacktrace>
              <![CDATA[java.lang.NullPointerException
	at Vezeta.Vezeta.LinkedInFF.setupDriver(LinkedInFF.java:106)
	at sun.reflect.NativeMethodAccessorImpl.invoke0(Native Method)
	at sun.reflect.NativeMethodAccessorImpl.invoke(NativeMethodAccessorImpl.java:62)
	at sun.reflect.DelegatingMethodAccessorImpl.invoke(DelegatingMethodAccessorImpl.java:43)
	at java.lang.reflect.Method.invoke(Method.java:498)
	at org.testng.internal.MethodInvocationHelper.invokeMethod(MethodInvocationHelper.java:84)
	at org.testng.internal.Invoker.invokeConfigurationMethod(Invoker.java:564)
	at org.testng.internal.Invoker.invokeConfigurations(Invoker.java:213)
	at org.testng.internal.Invoker.invokeConfigurations(Invoker.java:138)
	at org.testng.TestRunner.beforeRun(TestRunner.java:641)
	at org.testng.TestRunner.run(TestRunner.java:609)
	at org.testng.SuiteRunner.runTest(SuiteRunner.java:348)
	at org.testng.SuiteRunner.runSequentially(SuiteRunner.java:343)
	at org.testng.SuiteRunner.privateRun(SuiteRunner.java:305)
	at org.testng.SuiteRunner.run(SuiteRunner.java:254)
	at org.testng.SuiteRunnerWorker.runSuite(SuiteRunnerWorker.java:52)
	at org.testng.SuiteRunnerWorker.run(SuiteRunnerWorker.java:86)
	at org.testng.TestNG.runSuitesSequentially(TestNG.java:1224)
	at org.testng.TestNG.runSuitesLocally(TestNG.java:1149)
	at org.testng.TestNG.run(TestNG.java:1057)
	at org.testng.remote.AbstractRemoteTestNG.run(AbstractRemoteTestNG.java:115)
	at org.testng.remote.RemoteTestNG.initAndRun(RemoteTestNG.java:251)
	at org.testng.remote.RemoteTestNG.main(RemoteTestNG.java:77)
]]>
            </full-stacktrace>
          </exception> <!-- java.lang.NullPointerException -->
          <reporter-output>
          </reporter-output>
        </test-method> <!-- setupDriver -->
        <test-method status="SKIP" signature="CreateProfile()[pri:0, instance:Vezeta.Vezeta.LinkedInFF@4e1d422d]" name="CreateProfile" duration-ms="2" started-at="2019-08-03T05:54:46Z" finished-at="2019-08-03T05:54:46Z">
          <reporter-output>
          </reporter-output>
        </test-method> <!-- CreateProfile -->
        <test-method status="SKIP" signature="getConfCode()[pri:0, instance:Vezeta.Vezeta.LinkedInFF@4e1d422d]" name="getConfCode" duration-ms="2" started-at="2019-08-03T05:54:46Z" finished-at="2019-08-03T05:54:46Z">
          <reporter-output>
          </reporter-output>
        </test-method> <!-- getConfCode -->
        <test-method status="SKIP" signature="linkedinConf()[pri:0, instance:Vezeta.Vezeta.LinkedInFF@4e1d422d]" name="linkedinConf" duration-ms="2" started-at="2019-08-03T05:54:46Z" finished-at="2019-08-03T05:54:46Z">
          <reporter-output>
          </reporter-output>
        </test-method> <!-- linkedinConf -->
        <test-method status="SKIP" signature="editProfile()[pri:0, instance:Vezeta.Vezeta.LinkedInFF@4e1d422d]" name="editProfile" duration-ms="2" started-at="2019-08-03T05:54:46Z" finished-at="2019-08-03T05:54:46Z">
          <reporter-output>
          </reporter-output>
        </test-method> <!-- editProfile -->
        <test-method status="SKIP" signature="LinkedInSignOutForgetPass()[pri:0, instance:Vezeta.Vezeta.LinkedInFF@4e1d422d]" name="LinkedInSignOutForgetPass" duration-ms="2" started-at="2019-08-03T05:54:46Z" finished-at="2019-08-03T05:54:46Z">
          <reporter-output>
          </reporter-output>
        </test-method> <!-- LinkedInSignOutForgetPass -->
      </class> <!-- Vezeta.Vezeta.LinkedInFF -->
    </test> <!-- Default test -->
  </suite> <!-- Default suite -->
</testng-results>
